<?xml version="1.0" encoding="UTF-8"?>
<testsuite name="devops.pro4.AppTest" tests="1" skipped="0" failures="0" errors="0" timestamp="2025-05-30T17:29:53.039Z" hostname="VIVOBOOK16X" time="0.005">
  <properties/>
  <testcase name="testApp" classname="devops.pro4.AppTest" time="0.005"/>
  <system-out><![CDATA[]]></system-out>
  <system-err><![CDATA[]]></system-err>
</testsuite>
